#
# A fatal error has been detected by the Java Runtime Environment:
#
#  EXCEPTION_ACCESS_VIOLATION (0xc0000005) at pc=0x00000000743b49e6, pid=2584, tid=4040
#
# JRE version: Java(TM) SE Runtime Environment (8.0_05-b13) (build 1.8.0_05-b13)
# Java VM: Java HotSpot(TM) 64-Bit Server VM (25.5-b02 mixed mode windows-amd64 compressed oops)
# Problematic frame:
# V  [jvm.dll+0x4d49e6]
#
# Failed to write core dump. Minidumps are not enabled by default on client versions of Windows
#
# If you would like to submit a bug report, please visit:
#   http://bugreport.sun.com/bugreport/crash.jsp
#

---------------  T H R E A D  ---------------

Current thread (0x0000000014fdc800):  JavaThread "C2 CompilerThread0" daemon [_thread_in_native, id=4040, stack(0x0000000016550000,0x0000000016650000)]

siginfo: ExceptionCode=0xc0000005, reading address 0x0000000000000060

Registers:
RAX=0x0000000000000000, RBX=0x000000001b9aa9d0, RCX=0x000000001b9aa9d0, RDX=0x000000001b9aa9d0
RSP=0x000000001664bf90, RBP=0x000000001b9aa9d0, RSI=0x0000000014ff0020, RDI=0x000000001664d7c0
R8 =0x0000000019ac53c0, R9 =0x0000000000000002, R10=0x000000001b9aabb8, R11=0x000000001b7b45e0
R12=0x0000000000000000, R13=0x000000001664ce40, R14=0x0000000000000003, R15=0x0000000000000018
RIP=0x00000000743b49e6, EFLAGS=0x0000000000010206

Top of Stack: (sp=0x000000001664bf90)
0x000000001664bf90:   000000001b9aab88 000000007436c559
0x000000001664bfa0:   000000001664ce40 0000000000000000
0x000000001664bfb0:   0000000000000400 00000000743b5bce
0x000000001664bfc0:   000000001b9aa9d0 000000001b9aab88
0x000000001664bfd0:   0000000014ff0020 0000000000000400
0x000000001664bfe0:   0000000014fdb410 0000000000000000
0x000000001664bff0:   00000000186238f0 0000000014ff0020
0x000000001664c000:   0000000000000001 000000007436e4d7
0x000000001664c010:   000000001664c400 000000001664c110
0x000000001664c020:   000000001664c430 0000000014fdb410
0x000000001664c030:   0000000018623940 000000001862b8d8
0x000000001664c040:   00000000000b2940 0000000014fdb410
0x000000001664c050:   0000000000002000 000000001b01bd30
0x000000001664c060:   0000000000000000 000000007450b968
0x000000001664c070:   0000000014fdb410 0000000000000400
0x000000001664c080:   00000000198b4050 0000000000000006 

Instructions: (pc=0x00000000743b49e6)
0x00000000743b49c6:   5f c3 cc cc cc cc cc cc cc cc 48 89 5c 24 08 57
0x00000000743b49d6:   48 83 ec 20 48 8b 02 48 8b f9 48 8b ca 48 8b da
0x00000000743b49e6:   ff 50 60 85 c0 74 39 44 8b 57 08 4c 8b 47 18 41
0x00000000743b49f6:   ff ca 41 8b ca 23 c8 44 8b c9 8b c1 49 8b 14 c8 


Register to memory mapping:

RAX=0x0000000000000000 is an unknown value
RBX=0x000000001b9aa9d0 is an unknown value
RCX=0x000000001b9aa9d0 is an unknown value
RDX=0x000000001b9aa9d0 is an unknown value
RSP=0x000000001664bf90 is pointing into the stack for thread: 0x0000000014fdc800
RBP=0x000000001b9aa9d0 is an unknown value
RSI=0x0000000014ff0020 is an unknown value
RDI=0x000000001664d7c0 is pointing into the stack for thread: 0x0000000014fdc800
R8 =0x0000000019ac53c0 is an unknown value
R9 =0x0000000000000002 is an unknown value
R10=0x000000001b9aabb8 is an unknown value
R11=0x000000001b7b45e0 is an unknown value
R12=0x0000000000000000 is an unknown value
R13=0x000000001664ce40 is pointing into the stack for thread: 0x0000000014fdc800
R14=0x0000000000000003 is an unknown value
R15=0x0000000000000018 is an unknown value


Stack: [0x0000000016550000,0x0000000016650000],  sp=0x000000001664bf90,  free space=1007k
Native frames: (J=compiled Java code, j=interpreted, Vv=VM code, C=native code)
V  [jvm.dll+0x4d49e6]
V  [jvm.dll+0x4d5bce]
V  [jvm.dll+0x48e4d7]
V  [jvm.dll+0x442075]
V  [jvm.dll+0x44366b]
V  [jvm.dll+0x427532]
V  [jvm.dll+0x96702]
V  [jvm.dll+0x96ef3]
V  [jvm.dll+0x2232c4]
V  [jvm.dll+0x27baca]
C  [msvcr100.dll+0x21d9f]
C  [msvcr100.dll+0x21e3b]
C  [KERNEL32.DLL+0x16ad]
C  [ntdll.dll+0x15444]


Current CompileTask:
C2:   7973 2354       4       groovy.lang.MetaClassImpl$1MOPIter::methodNameAction (482 bytes)


---------------  P R O C E S S  ---------------

Java Threads: ( => current thread )
  0x0000000018196000 JavaThread "File lock request listener" [_thread_in_native, id=3732, stack(0x000000001b9f0000,0x000000001baf0000)]
  0x0000000017505800 JavaThread "Stdin handler" [_thread_blocked, id=2372, stack(0x0000000019140000,0x0000000019240000)]
  0x0000000017501000 JavaThread "Daemon worker" [_thread_in_native, id=5036, stack(0x0000000019040000,0x0000000019140000)]
  0x00000000174fb800 JavaThread "Cancel handler" [_thread_blocked, id=3424, stack(0x0000000018f40000,0x0000000019040000)]
  0x00000000174a9800 JavaThread "Handler for socket connection from /127.0.0.1:50197 to /127.0.0.1:50198" [_thread_in_native, id=196, stack(0x0000000018e40000,0x0000000018f40000)]
  0x00000000174a9000 JavaThread "Daemon" [_thread_blocked, id=5420, stack(0x0000000018d40000,0x0000000018e40000)]
  0x000000001774c800 JavaThread "Incoming local TCP Connector on port 50197" [_thread_in_native, id=3712, stack(0x00000000189f0000,0x0000000018af0000)]
  0x000000001687c800 JavaThread "Service Thread" daemon [_thread_blocked, id=4340, stack(0x0000000016c50000,0x0000000016d50000)]
  0x0000000014fe6800 JavaThread "C1 CompilerThread2" daemon [_thread_blocked, id=4116, stack(0x0000000016750000,0x0000000016850000)]
  0x0000000014fe4800 JavaThread "C2 CompilerThread1" daemon [_thread_in_native, id=2536, stack(0x0000000016650000,0x0000000016750000)]
=>0x0000000014fdc800 JavaThread "C2 CompilerThread0" daemon [_thread_in_native, id=4040, stack(0x0000000016550000,0x0000000016650000)]
  0x0000000014fda800 JavaThread "Attach Listener" daemon [_thread_blocked, id=1892, stack(0x0000000016450000,0x0000000016550000)]
  0x0000000014fd9000 JavaThread "Signal Dispatcher" daemon [_thread_blocked, id=3008, stack(0x0000000016350000,0x0000000016450000)]
  0x0000000002905800 JavaThread "Finalizer" daemon [_thread_blocked, id=2828, stack(0x0000000016250000,0x0000000016350000)]
  0x0000000014fa7800 JavaThread "Reference Handler" daemon [_thread_blocked, id=3512, stack(0x0000000016150000,0x0000000016250000)]
  0x00000000026fe000 JavaThread "main" [_thread_blocked, id=4480, stack(0x0000000002700000,0x0000000002800000)]

Other Threads:
  0x0000000014fa5000 VMThread [stack: 0x0000000016050000,0x0000000016150000] [id=3392]
  0x000000001687e800 WatcherThread [stack: 0x0000000016d50000,0x0000000016e50000] [id=5408]

VM state:not at safepoint (normal execution)

VM Mutex/Monitor currently owned by a thread: None

Heap:
 PSYoungGen      total 58880K, used 49557K [0x00000000eab00000, 0x00000000efe00000, 0x0000000100000000)
  eden space 55296K, 89% used [0x00000000eab00000,0x00000000edb65748,0x00000000ee100000)
  from space 3584K, 0% used [0x00000000ee100000,0x00000000ee100000,0x00000000ee480000)
  to   space 3584K, 0% used [0x00000000efa80000,0x00000000efa80000,0x00000000efe00000)
 ParOldGen       total 10752K, used 8135K [0x00000000c0000000, 0x00000000c0a80000, 0x00000000eab00000)
  object space 10752K, 75% used [0x00000000c0000000,0x00000000c07f1c78,0x00000000c0a80000)
 Metaspace       used 23536K, capacity 24104K, committed 24448K, reserved 1071104K
  class space    used 3155K, capacity 3337K, committed 3456K, reserved 1048576K

Card table byte_map: [0x0000000011cd0000,0x0000000011ee0000] byte_map_base: 0x00000000116d0000

Marking Bits: (ParMarkBitMap*) 0x00000000746913b0
 Begin Bits: [0x0000000012440000, 0x0000000013440000)
 End Bits:   [0x0000000013440000, 0x0000000014440000)

Polling page: 0x0000000000ef0000

CodeCache: size=245760Kb used=8793Kb max_used=8793Kb free=236966Kb
 bounds [0x0000000002910000, 0x00000000031b0000, 0x0000000011910000]
 total_blobs=2867 nmethods=2253 adapters=527
 compilation: enabled

Compilation events (10 events):
Event: 7.914 Thread 0x0000000014fe6800 2366       3       org.objectweb.asm.MethodWriter::e (87 bytes)
Event: 7.915 Thread 0x0000000014fe6800 nmethod 2366 0x0000000003169a10 code [0x0000000003169ba0, 0x000000000316a068]
Event: 7.919 Thread 0x0000000014fe6800 2367       3       sun.reflect.annotation.AnnotationParser::parseAnnotation (9 bytes)
Event: 7.919 Thread 0x0000000014fe6800 nmethod 2367 0x0000000003169690 code [0x0000000003169800, 0x0000000003169968]
Event: 7.921 Thread 0x0000000014fe6800 2368       1       java.io.ObjectStreamClass::getSuperDesc (5 bytes)
Event: 7.921 Thread 0x0000000014fe6800 nmethod 2368 0x00000000031693d0 code [0x0000000003169520, 0x0000000003169630]
Event: 7.921 Thread 0x0000000014fe6800 2369       1       java.nio.DirectByteBuffer::ix (10 bytes)
Event: 7.921 Thread 0x0000000014fe6800 nmethod 2369 0x0000000003169110 code [0x0000000003169260, 0x0000000003169370]
Event: 7.921 Thread 0x0000000014fe6800 2370       3       java.io.ObjectStreamClass::forClass (48 bytes)
Event: 7.923 Thread 0x0000000014fe6800 nmethod 2370 0x00000000031aa9d0 code [0x00000000031aad20, 0x00000000031ac758]

GC Heap History (10 events):
Event: 6.442 GC heap before
{Heap before GC invocations=18 (full 0):
 PSYoungGen      total 31744K, used 30492K [0x00000000eab00000, 0x00000000ed880000, 0x0000000100000000)
  eden space 28160K, 100% used [0x00000000eab00000,0x00000000ec680000,0x00000000ec680000)
  from space 3584K, 65% used [0x00000000ec680000,0x00000000ec8c7318,0x00000000eca00000)
  to   space 3584K, 0% used [0x00000000ed500000,0x00000000ed500000,0x00000000ed880000)
 ParOldGen       total 162304K, used 6867K [0x00000000c0000000, 0x00000000c9e80000, 0x00000000eab00000)
  object space 162304K, 4% used [0x00000000c0000000,0x00000000c06b4ed0,0x00000000c9e80000)
 Metaspace       used 20051K, capacity 20366K, committed 20608K, reserved 1067008K
  class space    used 2752K, capacity 2861K, committed 2944K, reserved 1048576K
Event: 6.444 GC heap after
Heap after GC invocations=18 (full 0):
 PSYoungGen      total 43008K, used 256K [0x00000000eab00000, 0x00000000ed880000, 0x0000000100000000)
  eden space 39424K, 0% used [0x00000000eab00000,0x00000000eab00000,0x00000000ed180000)
  from space 3584K, 7% used [0x00000000ed500000,0x00000000ed540010,0x00000000ed880000)
  to   space 3584K, 0% used [0x00000000ed180000,0x00000000ed180000,0x00000000ed500000)
 ParOldGen       total 162304K, used 7948K [0x00000000c0000000, 0x00000000c9e80000, 0x00000000eab00000)
  object space 162304K, 4% used [0x00000000c0000000,0x00000000c07c3010,0x00000000c9e80000)
 Metaspace       used 20051K, capacity 20366K, committed 20608K, reserved 1067008K
  class space    used 2752K, capacity 2861K, committed 2944K, reserved 1048576K
}
Event: 6.585 GC heap before
{Heap before GC invocations=19 (full 0):
 PSYoungGen      total 43008K, used 39680K [0x00000000eab00000, 0x00000000ed880000, 0x0000000100000000)
  eden space 39424K, 100% used [0x00000000eab00000,0x00000000ed180000,0x00000000ed180000)
  from space 3584K, 7% used [0x00000000ed500000,0x00000000ed540010,0x00000000ed880000)
  to   space 3584K, 0% used [0x00000000ed180000,0x00000000ed180000,0x00000000ed500000)
 ParOldGen       total 162304K, used 7948K [0x00000000c0000000, 0x00000000c9e80000, 0x00000000eab00000)
  object space 162304K, 4% used [0x00000000c0000000,0x00000000c07c3010,0x00000000c9e80000)
 Metaspace       used 20062K, capacity 20366K, committed 20608K, reserved 1067008K
  class space    used 2752K, capacity 2861K, committed 2944K, reserved 1048576K
Event: 6.586 GC heap after
Heap after GC invocations=19 (full 0):
 PSYoungGen      total 43008K, used 288K [0x00000000eab00000, 0x00000000ee800000, 0x0000000100000000)
  eden space 39424K, 0% used [0x00000000eab00000,0x00000000eab00000,0x00000000ed180000)
  from space 3584K, 8% used [0x00000000ed180000,0x00000000ed1c8000,0x00000000ed500000)
  to   space 3584K, 0% used [0x00000000ee480000,0x00000000ee480000,0x00000000ee800000)
 ParOldGen       total 162304K, used 8132K [0x00000000c0000000, 0x00000000c9e80000, 0x00000000eab00000)
  object space 162304K, 5% used [0x00000000c0000000,0x00000000c07f1020,0x00000000c9e80000)
 Metaspace       used 20062K, capacity 20366K, committed 20608K, reserved 1067008K
  class space    used 2752K, capacity 2861K, committed 2944K, reserved 1048576K
}
Event: 6.746 GC heap before
{Heap before GC invocations=20 (full 0):
 PSYoungGen      total 43008K, used 39712K [0x00000000eab00000, 0x00000000ee800000, 0x0000000100000000)
  eden space 39424K, 100% used [0x00000000eab00000,0x00000000ed180000,0x00000000ed180000)
  from space 3584K, 8% used [0x00000000ed180000,0x00000000ed1c8000,0x00000000ed500000)
  to   space 3584K, 0% used [0x00000000ee480000,0x00000000ee480000,0x00000000ee800000)
 ParOldGen       total 162304K, used 8132K [0x00000000c0000000, 0x00000000c9e80000, 0x00000000eab00000)
  object space 162304K, 5% used [0x00000000c0000000,0x00000000c07f1020,0x00000000c9e80000)
 Metaspace       used 20225K, capacity 20494K, committed 20864K, reserved 1067008K
  class space    used 2771K, capacity 2861K, committed 2944K, reserved 1048576K
Event: 6.747 GC heap after
Heap after GC invocations=20 (full 0):
 PSYoungGen      total 58880K, used 672K [0x00000000eab00000, 0x00000000ee800000, 0x0000000100000000)
  eden space 55296K, 0% used [0x00000000eab00000,0x00000000eab00000,0x00000000ee100000)
  from space 3584K, 18% used [0x00000000ee480000,0x00000000ee528000,0x00000000ee800000)
  to   space 3584K, 0% used [0x00000000ee100000,0x00000000ee100000,0x00000000ee480000)
 ParOldGen       total 162304K, used 8340K [0x00000000c0000000, 0x00000000c9e80000, 0x00000000eab00000)
  object space 162304K, 5% used [0x00000000c0000000,0x00000000c0825030,0x00000000c9e80000)
 Metaspace       used 20225K, capacity 20494K, committed 20864K, reserved 1067008K
  class space    used 2771K, capacity 2861K, committed 2944K, reserved 1048576K
}
Event: 6.807 GC heap before
{Heap before GC invocations=21 (full 0):
 PSYoungGen      total 58880K, used 3997K [0x00000000eab00000, 0x00000000ee800000, 0x0000000100000000)
  eden space 55296K, 6% used [0x00000000eab00000,0x00000000eae3f558,0x00000000ee100000)
  from space 3584K, 18% used [0x00000000ee480000,0x00000000ee528000,0x00000000ee800000)
  to   space 3584K, 0% used [0x00000000ee100000,0x00000000ee100000,0x00000000ee480000)
 ParOldGen       total 162304K, used 8340K [0x00000000c0000000, 0x00000000c9e80000, 0x00000000eab00000)
  object space 162304K, 5% used [0x00000000c0000000,0x00000000c0825030,0x00000000c9e80000)
 Metaspace       used 20903K, capacity 21204K, committed 21296K, reserved 1067008K
  class space    used 2828K, capacity 2926K, committed 2944K, reserved 1048576K
Event: 6.810 GC heap after
Heap after GC invocations=21 (full 0):
 PSYoungGen      total 58880K, used 971K [0x00000000eab00000, 0x00000000efe00000, 0x0000000100000000)
  eden space 55296K, 0% used [0x00000000eab00000,0x00000000eab00000,0x00000000ee100000)
  from space 3584K, 27% used [0x00000000ee100000,0x00000000ee1f2e38,0x00000000ee480000)
  to   space 3584K, 0% used [0x00000000efa80000,0x00000000efa80000,0x00000000efe00000)
 ParOldGen       total 162304K, used 8832K [0x00000000c0000000, 0x00000000c9e80000, 0x00000000eab00000)
  object space 162304K, 5% used [0x00000000c0000000,0x00000000c08a0040,0x00000000c9e80000)
 Metaspace       used 20903K, capacity 21204K, committed 21296K, reserved 1067008K
  class space    used 2828K, capacity 2926K, committed 2944K, reserved 1048576K
}
Event: 6.810 GC heap before
{Heap before GC invocations=22 (full 1):
 PSYoungGen      total 58880K, used 971K [0x00000000eab00000, 0x00000000efe00000, 0x0000000100000000)
  eden space 55296K, 0% used [0x00000000eab00000,0x00000000eab00000,0x00000000ee100000)
  from space 3584K, 27% used [0x00000000ee100000,0x00000000ee1f2e38,0x00000000ee480000)
  to   space 3584K, 0% used [0x00000000efa80000,0x00000000efa80000,0x00000000efe00000)
 ParOldGen       total 162304K, used 8832K [0x00000000c0000000, 0x00000000c9e80000, 0x00000000eab00000)
  object space 162304K, 5% used [0x00000000c0000000,0x00000000c08a0040,0x00000000c9e80000)
 Metaspace       used 20903K, capacity 21204K, committed 21296K, reserved 1067008K
  class space    used 2828K, capacity 2926K, committed 2944K, reserved 1048576K
Event: 6.875 GC heap after
Heap after GC invocations=22 (full 1):
 PSYoungGen      total 58880K, used 0K [0x00000000eab00000, 0x00000000efe00000, 0x0000000100000000)
  eden space 55296K, 0% used [0x00000000eab00000,0x00000000eab00000,0x00000000ee100000)
  from space 3584K, 0% used [0x00000000ee100000,0x00000000ee100000,0x00000000ee480000)
  to   space 3584K, 0% used [0x00000000efa80000,0x00000000efa80000,0x00000000efe00000)
 ParOldGen       total 10752K, used 8135K [0x00000000c0000000, 0x00000000c0a80000, 0x00000000eab00000)
  object space 10752K, 75% used [0x00000000c0000000,0x00000000c07f1c78,0x00000000c0a80000)
 Metaspace       used 20903K, capacity 21204K, committed 21296K, reserved 1067008K
  class space    used 2828K, capacity 2926K, committed 2944K, reserved 1048576K
}

Deoptimization events (10 events):
Event: 5.558 Thread 0x0000000017501000 Uncommon trap: reason=bimorphic action=maybe_recompile pc=0x0000000002cee278 method=java.util.HashMap.putVal(ILjava/lang/Object;Ljava/lang/Object;ZZ)Ljava/lang/Object; @ 203
Event: 5.796 Thread 0x0000000017501000 Uncommon trap: reason=unreached action=reinterpret pc=0x0000000002c18ad8 method=java.lang.AbstractStringBuilder.append(Ljava/lang/String;)Ljava/lang/AbstractStringBuilder; @ 1
Event: 5.796 Thread 0x0000000017501000 Uncommon trap: reason=unreached action=reinterpret pc=0x0000000002b7381c method=java.lang.AbstractStringBuilder.append(Ljava/lang/String;)Ljava/lang/AbstractStringBuilder; @ 1
Event: 6.719 Thread 0x0000000017501000 Uncommon trap: reason=unreached action=reinterpret pc=0x0000000002ef02dc method=org.codehaus.groovy.ast.ClassNode.redirect()Lorg/codehaus/groovy/ast/ClassNode; @ 4
Event: 6.775 Thread 0x0000000017501000 Uncommon trap: reason=unreached action=reinterpret pc=0x0000000002c16230 method=java.util.HashMap.hash(Ljava/lang/Object;)I @ 1
Event: 6.961 Thread 0x0000000017501000 Uncommon trap: reason=class_check action=maybe_recompile pc=0x0000000002c86478 method=sun.misc.URLClassPath.getLoader(I)Lsun/misc/URLClassPath$Loader; @ 94
Event: 6.961 Thread 0x0000000017501000 Uncommon trap: reason=class_check action=maybe_recompile pc=0x0000000002dea99c method=sun.misc.URLClassPath.getResource(Ljava/lang/String;Z)Lsun/misc/Resource; @ 53
Event: 6.969 Thread 0x0000000017501000 Uncommon trap: reason=class_check action=maybe_recompile pc=0x0000000002c86514 method=sun.misc.URLClassPath.getLoader(I)Lsun/misc/URLClassPath$Loader; @ 150
Event: 6.970 Thread 0x0000000017501000 Uncommon trap: reason=class_check action=maybe_recompile pc=0x0000000002c86514 method=sun.misc.URLClassPath.getLoader(I)Lsun/misc/URLClassPath$Loader; @ 150
Event: 6.974 Thread 0x0000000017501000 Uncommon trap: reason=class_check action=maybe_recompile pc=0x0000000002c86514 method=sun.misc.URLClassPath.getLoader(I)Lsun/misc/URLClassPath$Loader; @ 150

Internal exceptions (10 events):
Event: 7.945 Thread 0x0000000017501000 Exception <a 'java/security/PrivilegedActionException'> (0x00000000ed990e70) thrown at [D:\re\workspace\8-2-build-windows-amd64-cygwin\jdk8u5\2488\hotspot\src\share\vm\prims\jvm.cpp, line 1248]
Event: 7.946 Thread 0x0000000017501000 Exception <a 'java/security/PrivilegedActionException'> (0x00000000ed996fb0) thrown at [D:\re\workspace\8-2-build-windows-amd64-cygwin\jdk8u5\2488\hotspot\src\share\vm\prims\jvm.cpp, line 1248]
Event: 7.946 Thread 0x0000000017501000 Exception <a 'java/security/PrivilegedActionException'> (0x00000000ed997d18) thrown at [D:\re\workspace\8-2-build-windows-amd64-cygwin\jdk8u5\2488\hotspot\src\share\vm\prims\jvm.cpp, line 1248]
Event: 7.947 Thread 0x0000000017501000 Exception <a 'java/security/PrivilegedActionException'> (0x00000000ed99c8c0) thrown at [D:\re\workspace\8-2-build-windows-amd64-cygwin\jdk8u5\2488\hotspot\src\share\vm\prims\jvm.cpp, line 1248]
Event: 7.947 Thread 0x0000000017501000 Exception <a 'java/security/PrivilegedActionException'> (0x00000000ed9a23d8) thrown at [D:\re\workspace\8-2-build-windows-amd64-cygwin\jdk8u5\2488\hotspot\src\share\vm\prims\jvm.cpp, line 1248]
Event: 7.947 Thread 0x0000000017501000 Exception <a 'java/security/PrivilegedActionException'> (0x00000000ed9a3048) thrown at [D:\re\workspace\8-2-build-windows-amd64-cygwin\jdk8u5\2488\hotspot\src\share\vm\prims\jvm.cpp, line 1248]
Event: 7.947 Thread 0x0000000017501000 Exception <a 'java/security/PrivilegedActionException'> (0x00000000ed9a6958) thrown at [D:\re\workspace\8-2-build-windows-amd64-cygwin\jdk8u5\2488\hotspot\src\share\vm\prims\jvm.cpp, line 1248]
Event: 7.948 Thread 0x0000000017501000 Exception <a 'java/security/PrivilegedActionException'> (0x00000000ed9aba78) thrown at [D:\re\workspace\8-2-build-windows-amd64-cygwin\jdk8u5\2488\hotspot\src\share\vm\prims\jvm.cpp, line 1248]
Event: 7.948 Thread 0x0000000017501000 Exception <a 'java/security/PrivilegedActionException'> (0x00000000ed9ac7e0) thrown at [D:\re\workspace\8-2-build-windows-amd64-cygwin\jdk8u5\2488\hotspot\src\share\vm\prims\jvm.cpp, line 1248]
Event: 7.948 Thread 0x0000000017501000 Exception <a 'java/security/PrivilegedActionException'> (0x00000000ed9b1398) thrown at [D:\re\workspace\8-2-build-windows-amd64-cygwin\jdk8u5\2488\hotspot\src\share\vm\prims\jvm.cpp, line 1248]

Events (10 events):
Event: 7.943 loading class org/apache/ivy/util/AbstractMessageLogger
Event: 7.943 loading class org/apache/ivy/util/AbstractMessageLogger done
Event: 7.945 loading class org/apache/ivy/util/Message
Event: 7.945 loading class org/apache/ivy/util/Message done
Event: 7.946 loading class org/apache/ivy/util/DefaultMessageLogger
Event: 7.946 loading class org/apache/ivy/util/DefaultMessageLogger done
Event: 7.947 loading class org/apache/ivy/util/Checks
Event: 7.947 loading class org/apache/ivy/util/Checks done
Event: 7.948 loading class org/apache/ivy/core/settings/IvySettings
Event: 7.948 loading class org/apache/ivy/core/settings/IvySettings done


Dynamic libraries:
0x00007ff7c31f0000 - 0x00007ff7c3224000 	C:\Program Files\Java\jdk1.8.0_05\bin\java.exe
0x00007ffb70670000 - 0x00007ffb7081c000 	C:\WINDOWS\SYSTEM32\ntdll.dll
0x00007ffb6e000000 - 0x00007ffb6e13a000 	C:\WINDOWS\system32\KERNEL32.DLL
0x00007ffb6da80000 - 0x00007ffb6db8f000 	C:\WINDOWS\system32\KERNELBASE.dll
0x00007ffb6c4c0000 - 0x00007ffb6c548000 	C:\WINDOWS\system32\apphelp.dll
0x00007ffb64480000 - 0x00007ffb644cf000 	C:\WINDOWS\AppPatch\AppPatch64\AcGenral.DLL
0x00007ffb6e1a0000 - 0x00007ffb6e247000 	C:\WINDOWS\system32\msvcrt.dll
0x00007ffb6d760000 - 0x00007ffb6d78b000 	C:\WINDOWS\SYSTEM32\SspiCli.dll
0x00007ffb6ddc0000 - 0x00007ffb6de11000 	C:\WINDOWS\system32\SHLWAPI.dll
0x00007ffb6ff20000 - 0x00007ffb70091000 	C:\WINDOWS\system32\USER32.dll
0x00007ffb6fda0000 - 0x00007ffb6ff18000 	C:\WINDOWS\system32\ole32.dll
0x00007ffb6e720000 - 0x00007ffb6fc38000 	C:\WINDOWS\system32\SHELL32.dll
0x00007ffb6cf20000 - 0x00007ffb6cf3e000 	C:\WINDOWS\SYSTEM32\USERENV.dll
0x00007ffb703d0000 - 0x00007ffb70475000 	C:\WINDOWS\system32\ADVAPI32.dll
0x00007ffb65f40000 - 0x00007ffb65f5b000 	C:\WINDOWS\SYSTEM32\MPR.dll
0x00007ffb6e3d0000 - 0x00007ffb6e507000 	C:\WINDOWS\system32\RPCRT4.dll
0x00007ffb70190000 - 0x00007ffb701e9000 	C:\WINDOWS\SYSTEM32\sechost.dll
0x00007ffb70480000 - 0x00007ffb70656000 	C:\WINDOWS\SYSTEM32\combase.dll
0x00007ffb6fc40000 - 0x00007ffb6fd84000 	C:\WINDOWS\system32\GDI32.dll
0x00007ffb6d8b0000 - 0x00007ffb6d8c4000 	C:\WINDOWS\SYSTEM32\profapi.dll
0x00007ffb6be90000 - 0x00007ffb6bf42000 	C:\WINDOWS\SYSTEM32\SHCORE.dll
0x00007ffb70150000 - 0x00007ffb70184000 	C:\WINDOWS\system32\IMM32.DLL
0x00007ffb701f0000 - 0x00007ffb70341000 	C:\WINDOWS\system32\MSCTF.dll
0x00007ffb6b480000 - 0x00007ffb6b6da000 	C:\WINDOWS\WinSxS\amd64_microsoft.windows.common-controls_6595b64144ccf1df_6.0.9600.17031_none_6242a4b3ecbb55a1\COMCTL32.dll
0x0000000073a40000 - 0x0000000073b12000 	C:\Program Files\Java\jdk1.8.0_05\jre\bin\msvcr100.dll
0x0000000073ee0000 - 0x000000007470a000 	C:\Program Files\Java\jdk1.8.0_05\jre\bin\server\jvm.dll
0x00007ffb5d380000 - 0x00007ffb5d389000 	C:\WINDOWS\SYSTEM32\WSOCK32.dll
0x00007ffb695d0000 - 0x00007ffb695ef000 	C:\WINDOWS\SYSTEM32\WINMM.dll
0x00007ffb700a0000 - 0x00007ffb700a7000 	C:\WINDOWS\system32\PSAPI.DLL
0x00007ffb6e510000 - 0x00007ffb6e568000 	C:\WINDOWS\system32\WS2_32.dll
0x00007ffb69350000 - 0x00007ffb6937a000 	C:\WINDOWS\SYSTEM32\WINMMBASE.dll
0x00007ffb70660000 - 0x00007ffb70669000 	C:\WINDOWS\system32\NSI.dll
0x00007ffb6db90000 - 0x00007ffb6dbda000 	C:\WINDOWS\SYSTEM32\cfgmgr32.dll
0x00007ffb6c730000 - 0x00007ffb6c756000 	C:\WINDOWS\SYSTEM32\DEVOBJ.dll
0x0000000073ed0000 - 0x0000000073edf000 	C:\Program Files\Java\jdk1.8.0_05\jre\bin\verify.dll
0x0000000073ea0000 - 0x0000000073ec8000 	C:\Program Files\Java\jdk1.8.0_05\jre\bin\java.dll
0x0000000073e80000 - 0x0000000073e96000 	C:\Program Files\Java\jdk1.8.0_05\jre\bin\zip.dll
0x00007ffb6d220000 - 0x00007ffb6d23e000 	C:\WINDOWS\SYSTEM32\CRYPTSP.dll
0x00007ffb6ce10000 - 0x00007ffb6ce45000 	C:\WINDOWS\system32\rsaenh.dll
0x00007ffb6d460000 - 0x00007ffb6d486000 	C:\WINDOWS\SYSTEM32\bcrypt.dll
0x00007ffb6d790000 - 0x00007ffb6d7f0000 	C:\WINDOWS\system32\bcryptprimitives.dll
0x00007ffb6d7f0000 - 0x00007ffb6d7fa000 	C:\WINDOWS\SYSTEM32\CRYPTBASE.dll
0x0000000073c70000 - 0x0000000073c8a000 	C:\Program Files\Java\jdk1.8.0_05\jre\bin\net.dll
0x00007ffb6d1c0000 - 0x00007ffb6d218000 	C:\WINDOWS\system32\mswsock.dll
0x00007ffb68c60000 - 0x00007ffb68c89000 	C:\WINDOWS\SYSTEM32\IPHLPAPI.DLL
0x00007ffb68c40000 - 0x00007ffb68c4a000 	C:\WINDOWS\SYSTEM32\WINNSI.DLL
0x00007ffb68730000 - 0x00007ffb68744000 	C:\WINDOWS\SYSTEM32\dhcpcsvc6.DLL
0x00007ffb68910000 - 0x00007ffb68929000 	C:\WINDOWS\SYSTEM32\dhcpcsvc.DLL
0x0000000073c50000 - 0x0000000073c61000 	C:\Program Files\Java\jdk1.8.0_05\jre\bin\nio.dll
0x00007ffb69600000 - 0x00007ffb69612000 	C:\Users\Dan Flanagan\AppData\Local\Temp\native-platform4547144724975707692dir\native-platform.dll
0x00007ffb66b20000 - 0x00007ffb66ca8000 	C:\WINDOWS\SYSTEM32\dbghelp.dll

VM Arguments:
jvm_args: -XX:MaxPermSize=256m -XX:+HeapDumpOnOutOfMemoryError -Xmx1024m -Dfile.encoding=windows-1252 -Duser.country=US -Duser.language=en -Duser.variant 
java_command: org.gradle.launcher.daemon.bootstrap.GradleDaemon 2.2.1 C:\Users\Dan Flanagan\.gradle\daemon 10800000 c832cb03-9f96-4987-a4d5-e8b134d827a8 -XX:MaxPermSize=256m -XX:+HeapDumpOnOutOfMemoryError -Xmx1024m -Dfile.encoding=windows-1252 -Duser.country=US -Duser.language=en -Duser.variant
java_class_path (initial): C:\Users\Dan Flanagan\.gradle\wrapper\dists\gradle-2.2.1-all\c64ydeuardnfqctvr1gm30w53\gradle-2.2.1\lib\gradle-launcher-2.2.1.jar
Launcher Type: SUN_STANDARD

Environment Variables:
JAVA_HOME=C:\Program Files\Java\jdk1.8.0_05
PATH=C:\ProgramData\Oracle\Java\javapath;C:\WINDOWS\system32;C:\WINDOWS;C:\WINDOWS\System32\Wbem;C:\WINDOWS\System32\WindowsPowerShell\v1.0\;C:\Program Files (x86)\Intel\OpenCL SDK\2.0\bin\x86;C:\Program Files (x86)\Intel\OpenCL SDK\2.0\bin\x64;C:\Program Files (x86)\Intel\OpenCL SDK\2.0\bin\x86;C:\Program Files (x86)\Intel\OpenCL SDK\2.0\bin\x64;C:\Program Files (x86)\QuickTime\QTSystem\
USERNAME=Dan Flanagan
OS=Windows_NT
PROCESSOR_IDENTIFIER=Intel64 Family 6 Model 42 Stepping 7, GenuineIntel



---------------  S Y S T E M  ---------------

OS: Windows 8.1 , 64 bit Build 9600 

CPU:total 4 (2 cores per cpu, 2 threads per core) family 6 model 42 stepping 7, cmov, cx8, fxsr, mmx, sse, sse2, sse3, ssse3, sse4.1, sse4.2, popcnt, avx, aes, clmul, ht, tsc, tscinvbit

Memory: 4k page, physical 10380320k(4971004k free), swap 11035696k(4612804k free)

vm_info: Java HotSpot(TM) 64-Bit Server VM (25.5-b02) for windows-amd64 JRE (1.8.0_05-b13), built on Mar 18 2014 01:08:39 by "java_re" with MS VC++ 10.0 (VS2010)

time: Mon Apr 20 12:14:31 2015
elapsed time: 7 seconds

